

*******************************************************************************
Tue Sep 29 05:08:50 2020


FIT:    data read from 'erreur.dat' using (log(s1)):(log(s2))
        format = x:z


*******************************************************************************
Tue Sep 29 05:09:22 2020


FIT:    data read from 'erreur.dat' using (log($1)):(log($2))
        format = x:z
BREAK: No data to fit

*******************************************************************************
Tue Sep 29 05:10:16 2020


FIT:    data read from 'erreur.dat' using (log($1)):(log($2))
        format = x:z
        #datapoints = 8
        residuals are weighted equally (unit weight)

function used for fitting: f(x)
	f(x) = a*x+b
fitted parameters initialized with current variable values

iter      chisq       delta/lim  lambda   a             b            
   0 2.3252625646e+01   0.00e+00  4.50e+00    1.000000e+00   1.000000e+00
   5 1.2421514997e-02  -1.12e-10  4.50e-03    4.926063e-01  -7.969658e-01

After 5 iterations the fit converged.
final sum of squares of residuals : 0.0124215
rel. change during last iteration : -1.11724e-15

degrees of freedom    (FIT_NDF)                        : 6
rms of residuals      (FIT_STDFIT) = sqrt(WSSR/ndf)    : 0.0455
variance of residuals (reduced chisquare) = WSSR/ndf   : 0.00207025

Final set of parameters            Asymptotic Standard Error
=======================            ==========================
a               = 0.492606         +/- 0.006363     (1.292%)
b               = -0.796966        +/- 0.03999      (5.018%)

correlation matrix of the fit parameters:
                a      b      
a               1.000 
b               0.916  1.000 


*******************************************************************************
Tue Sep 29 05:12:36 2020


FIT:    data read from 'erreur.dat' using (log($1)):(log($2))
        format = x:z
        #datapoints = 8
        residuals are weighted equally (unit weight)

function used for fitting: f(x)
	f(x) = a*x+b
fitted parameters initialized with current variable values

iter      chisq       delta/lim  lambda   a             b            
   0 2.3252625646e+01   0.00e+00  4.50e+00    1.000000e+00   1.000000e+00
   5 1.2421514997e-02  -1.12e-10  4.50e-03    4.926063e-01  -7.969658e-01

After 5 iterations the fit converged.
final sum of squares of residuals : 0.0124215
rel. change during last iteration : -1.11724e-15

degrees of freedom    (FIT_NDF)                        : 6
rms of residuals      (FIT_STDFIT) = sqrt(WSSR/ndf)    : 0.0455
variance of residuals (reduced chisquare) = WSSR/ndf   : 0.00207025

Final set of parameters            Asymptotic Standard Error
=======================            ==========================
a               = 0.492606         +/- 0.006363     (1.292%)
b               = -0.796966        +/- 0.03999      (5.018%)

correlation matrix of the fit parameters:
                a      b      
a               1.000 
b               0.916  1.000 


*******************************************************************************
Mon Oct  5 12:45:09 2020


FIT:    data read from 'erreur.dat' using (log($1)):(log($2))
        format = x:z
        #datapoints = 8
        residuals are weighted equally (unit weight)

function used for fitting: f(x)
	f(x) = a*x+b
fitted parameters initialized with current variable values

iter      chisq       delta/lim  lambda   a             b            
   0 2.1563646636e+01   0.00e+00  4.50e+00    1.000000e+00   1.000000e+00
   4 6.8568944026e-02  -2.21e-01  4.50e-04    9.910684e-01  -6.904043e-01

After 4 iterations the fit converged.
final sum of squares of residuals : 0.0685689
rel. change during last iteration : -2.21293e-06

degrees of freedom    (FIT_NDF)                        : 6
rms of residuals      (FIT_STDFIT) = sqrt(WSSR/ndf)    : 0.106903
variance of residuals (reduced chisquare) = WSSR/ndf   : 0.0114282

Final set of parameters            Asymptotic Standard Error
=======================            ==========================
a               = 0.991068         +/- 0.01495      (1.509%)
b               = -0.690404        +/- 0.09395      (13.61%)

correlation matrix of the fit parameters:
                a      b      
a               1.000 
b               0.916  1.000 


*******************************************************************************
Mon Oct  5 12:46:17 2020


FIT:    data read from 'erreur.dat' using (log($1)):(log($2))
        format = x:z
        #datapoints = 7
        residuals are weighted equally (unit weight)

function used for fitting: f(x)
	f(x) = a*x+b
fitted parameters initialized with current variable values

iter      chisq       delta/lim  lambda   a             b            
   0 1.8890819670e+01   0.00e+00  4.12e+00    1.000000e+00   1.000000e+00
   4 6.7454209841e-02  -1.71e-01  4.12e-04    9.882496e-01  -7.014107e-01

After 4 iterations the fit converged.
final sum of squares of residuals : 0.0674542
rel. change during last iteration : -1.70952e-06

degrees of freedom    (FIT_NDF)                        : 5
rms of residuals      (FIT_STDFIT) = sqrt(WSSR/ndf)    : 0.11615
variance of residuals (reduced chisquare) = WSSR/ndf   : 0.0134908

Final set of parameters            Asymptotic Standard Error
=======================            ==========================
a               = 0.98825          +/- 0.01897      (1.92%)
b               = -0.701411        +/- 0.109        (15.54%)

correlation matrix of the fit parameters:
                a      b      
a               1.000 
b               0.915  1.000 


*******************************************************************************
Mon Oct  5 12:48:59 2020


FIT:    data read from 'erreur.dat' using (log($1)):(log($2))
        format = x:z
        #datapoints = 7
        residuals are weighted equally (unit weight)

function used for fitting: f(x)
	f(x) = a*x+b
fitted parameters initialized with current variable values

iter      chisq       delta/lim  lambda   a             b            
   0 1.8890819670e+01   0.00e+00  4.12e+00    1.000000e+00   1.000000e+00
   4 6.7454209841e-02  -1.71e-01  4.12e-04    9.882496e-01  -7.014107e-01

After 4 iterations the fit converged.
final sum of squares of residuals : 0.0674542
rel. change during last iteration : -1.70952e-06

degrees of freedom    (FIT_NDF)                        : 5
rms of residuals      (FIT_STDFIT) = sqrt(WSSR/ndf)    : 0.11615
variance of residuals (reduced chisquare) = WSSR/ndf   : 0.0134908

Final set of parameters            Asymptotic Standard Error
=======================            ==========================
a               = 0.98825          +/- 0.01897      (1.92%)
b               = -0.701411        +/- 0.109        (15.54%)

correlation matrix of the fit parameters:
                a      b      
a               1.000 
b               0.915  1.000 


*******************************************************************************
Mon Oct  5 13:17:07 2020


FIT:    data read from 'erreur.dat' using (log($1)):(log($2))
        format = x:z
        #datapoints = 7
        residuals are weighted equally (unit weight)

function used for fitting: f(x)
	f(x) = a*x+b
fitted parameters initialized with current variable values

iter      chisq       delta/lim  lambda   a             b            
   0 1.9651765422e+01   0.00e+00  2.87e+00    1.000000e+00   1.000000e+00
   4 8.6294662979e-02  -1.58e-02  2.87e-04    1.023377e+00  -5.852970e-01

After 4 iterations the fit converged.
final sum of squares of residuals : 0.0862947
rel. change during last iteration : -1.57964e-07

degrees of freedom    (FIT_NDF)                        : 5
rms of residuals      (FIT_STDFIT) = sqrt(WSSR/ndf)    : 0.131373
variance of residuals (reduced chisquare) = WSSR/ndf   : 0.0172589

Final set of parameters            Asymptotic Standard Error
=======================            ==========================
a               = 1.02338          +/- 0.03582      (3.5%)
b               = -0.585297        +/- 0.1412       (24.12%)

correlation matrix of the fit parameters:
                a      b      
a               1.000 
b               0.936  1.000 


*******************************************************************************
Mon Oct  5 13:52:12 2020


FIT:    data read from 'erreur.dat' using (log($1)):(log($2))
        format = x:z
        #datapoints = 10
        residuals are weighted equally (unit weight)

function used for fitting: f(x)
	f(x) = a*x+b
fitted parameters initialized with current variable values

iter      chisq       delta/lim  lambda   a             b            
   0 1.4068818733e+01   0.00e+00  3.70e+00    1.000000e+00   1.000000e+00
   4 9.4211159989e-03  -2.85e-01  3.70e-04    4.883822e-01  -8.120910e-01

After 4 iterations the fit converged.
final sum of squares of residuals : 0.00942112
rel. change during last iteration : -2.85222e-06

degrees of freedom    (FIT_NDF)                        : 8
rms of residuals      (FIT_STDFIT) = sqrt(WSSR/ndf)    : 0.0343168
variance of residuals (reduced chisquare) = WSSR/ndf   : 0.00117764

Final set of parameters            Asymptotic Standard Error
=======================            ==========================
a               = 0.488382         +/- 0.005451     (1.116%)
b               = -0.812091        +/- 0.02797      (3.444%)

correlation matrix of the fit parameters:
                a      b      
a               1.000 
b               0.922  1.000 


*******************************************************************************
Mon Oct  5 13:54:08 2020


FIT:    data read from 'erreur.dat' using (log($1)):(log($2))
        format = x:z
        #datapoints = 10
        residuals are weighted equally (unit weight)

function used for fitting: f(x)
	f(x) = a*x+b
fitted parameters initialized with current variable values

iter      chisq       delta/lim  lambda   a             b            
   0 1.4068818733e+01   0.00e+00  3.70e+00    1.000000e+00   1.000000e+00
   4 9.4211159989e-03  -2.85e-01  3.70e-04    4.883822e-01  -8.120910e-01

After 4 iterations the fit converged.
final sum of squares of residuals : 0.00942112
rel. change during last iteration : -2.85222e-06

degrees of freedom    (FIT_NDF)                        : 8
rms of residuals      (FIT_STDFIT) = sqrt(WSSR/ndf)    : 0.0343168
variance of residuals (reduced chisquare) = WSSR/ndf   : 0.00117764

Final set of parameters            Asymptotic Standard Error
=======================            ==========================
a               = 0.488382         +/- 0.005451     (1.116%)
b               = -0.812091        +/- 0.02797      (3.444%)

correlation matrix of the fit parameters:
                a      b      
a               1.000 
b               0.922  1.000 


*******************************************************************************
Mon Oct  5 14:02:23 2020


FIT:    data read from 'erreur.dat' using (log($1)):(log($2))
        format = x:z
        #datapoints = 8
        residuals are weighted equally (unit weight)

function used for fitting: f(x)
	f(x) = a*x+b
fitted parameters initialized with current variable values

iter      chisq       delta/lim  lambda   a             b            
   0 5.9687846853e+00   0.00e+00  3.15e+00    1.000000e+00   1.000000e+00
   4 7.2910508486e-03  -3.02e-01  3.15e-04    4.812077e-01  -8.359519e-01

After 4 iterations the fit converged.
final sum of squares of residuals : 0.00729105
rel. change during last iteration : -3.02418e-06

degrees of freedom    (FIT_NDF)                        : 6
rms of residuals      (FIT_STDFIT) = sqrt(WSSR/ndf)    : 0.0348594
variance of residuals (reduced chisquare) = WSSR/ndf   : 0.00121518

Final set of parameters            Asymptotic Standard Error
=======================            ==========================
a               = 0.481208         +/- 0.00776      (1.613%)
b               = -0.835952        +/- 0.03365      (4.026%)

correlation matrix of the fit parameters:
                a      b      
a               1.000 
b               0.931  1.000 


*******************************************************************************
Mon Oct  5 14:14:36 2020


FIT:    data read from 'erreur.dat' using (log($1)):(log($2))
        format = x:z
        #datapoints = 8
        residuals are weighted equally (unit weight)

function used for fitting: f(x)
	f(x) = a*x+b
fitted parameters initialized with current variable values

iter      chisq       delta/lim  lambda   a             b            
   0 2.2298668617e+01   0.00e+00  3.15e+00    1.000000e+00   1.000000e+00
   4 9.3277720028e-02  -1.64e-02  3.15e-04    1.010224e+00  -6.246987e-01

After 4 iterations the fit converged.
final sum of squares of residuals : 0.0932777
rel. change during last iteration : -1.6398e-07

degrees of freedom    (FIT_NDF)                        : 6
rms of residuals      (FIT_STDFIT) = sqrt(WSSR/ndf)    : 0.124685
variance of residuals (reduced chisquare) = WSSR/ndf   : 0.0155463

Final set of parameters            Asymptotic Standard Error
=======================            ==========================
a               = 1.01022          +/- 0.02776      (2.748%)
b               = -0.624699        +/- 0.1204       (19.27%)

correlation matrix of the fit parameters:
                a      b      
a               1.000 
b               0.931  1.000 


*******************************************************************************
Sun Oct 11 20:47:32 2020


FIT:    data read from 'erreur.dat' using (log($1)):(log($2))
        format = x:z
        #datapoints = 8
        residuals are weighted equally (unit weight)

function used for fitting: f(x)
	f(x) = a*x+b
fitted parameters initialized with current variable values

iter      chisq       delta/lim  lambda   a             b            
   0 5.9687846853e+00   0.00e+00  3.15e+00    1.000000e+00   1.000000e+00
   4 7.2910508486e-03  -3.02e-01  3.15e-04    4.812077e-01  -8.359519e-01

After 4 iterations the fit converged.
final sum of squares of residuals : 0.00729105
rel. change during last iteration : -3.02418e-06

degrees of freedom    (FIT_NDF)                        : 6
rms of residuals      (FIT_STDFIT) = sqrt(WSSR/ndf)    : 0.0348594
variance of residuals (reduced chisquare) = WSSR/ndf   : 0.00121518

Final set of parameters            Asymptotic Standard Error
=======================            ==========================
a               = 0.481208         +/- 0.00776      (1.613%)
b               = -0.835952        +/- 0.03365      (4.026%)

correlation matrix of the fit parameters:
                a      b      
a               1.000 
b               0.931  1.000 


*******************************************************************************
Sun Oct 11 20:48:31 2020


FIT:    data read from 'erreur.dat' using (log($1)):(log($2))
        format = x:z
        #datapoints = 5
        residuals are weighted equally (unit weight)

function used for fitting: f(x)
	f(x) = a*x+b
fitted parameters initialized with current variable values

iter      chisq       delta/lim  lambda   a             b            
   0 6.0669790530e+00   0.00e+00  3.47e+00    1.000000e+00   1.000000e+00
   5 6.1670363757e-03  -1.08e-09  3.47e-05    4.819093e-01  -8.456216e-01

After 5 iterations the fit converged.
final sum of squares of residuals : 0.00616704
rel. change during last iteration : -1.08297e-14

degrees of freedom    (FIT_NDF)                        : 3
rms of residuals      (FIT_STDFIT) = sqrt(WSSR/ndf)    : 0.0453396
variance of residuals (reduced chisquare) = WSSR/ndf   : 0.00205568

Final set of parameters            Asymptotic Standard Error
=======================            ==========================
a               = 0.481909         +/- 0.01034      (2.146%)
b               = -0.845622        +/- 0.04965      (5.871%)

correlation matrix of the fit parameters:
                a      b      
a               1.000 
b               0.913  1.000 


*******************************************************************************
Sun Oct 11 20:48:59 2020


FIT:    data read from 'erreur.dat' using (log($1)):(log($2))
        format = x:z
        #datapoints = 4
        residuals are weighted equally (unit weight)

function used for fitting: f(x)
	f(x) = a*x+b
fitted parameters initialized with current variable values

iter      chisq       delta/lim  lambda   a             b            
   0 7.1856934441e+00   0.00e+00  3.79e+00    1.000000e+00   1.000000e+00
   5 5.9382856622e-03  -1.37e-09  3.79e-05    4.831955e-01  -8.505882e-01

After 5 iterations the fit converged.
final sum of squares of residuals : 0.00593829
rel. change during last iteration : -1.37299e-14

degrees of freedom    (FIT_NDF)                        : 2
rms of residuals      (FIT_STDFIT) = sqrt(WSSR/ndf)    : 0.0544898
variance of residuals (reduced chisquare) = WSSR/ndf   : 0.00296914

Final set of parameters            Asymptotic Standard Error
=======================            ==========================
a               = 0.483195         +/- 0.01172      (2.426%)
b               = -0.850588        +/- 0.06175      (7.26%)

correlation matrix of the fit parameters:
                a      b      
a               1.000 
b               0.897  1.000 


*******************************************************************************
Sun Oct 11 20:52:27 2020


FIT:    data read from 'erreur.dat' using (log($1)):(log($2))
        format = x:z
        #datapoints = 8
        residuals are weighted equally (unit weight)

function used for fitting: f(x)
	f(x) = a*x+b
fitted parameters initialized with current variable values

iter      chisq       delta/lim  lambda   a             b            
   0 2.6049464513e+01   0.00e+00  4.16e+00    1.000000e+00   1.000000e+00
   4 9.5725222625e-02  -2.02e-02  4.16e-04    4.659639e-01  -9.858477e-01

After 4 iterations the fit converged.
final sum of squares of residuals : 0.0957252
rel. change during last iteration : -2.025e-07

degrees of freedom    (FIT_NDF)                        : 6
rms of residuals      (FIT_STDFIT) = sqrt(WSSR/ndf)    : 0.12631
variance of residuals (reduced chisquare) = WSSR/ndf   : 0.0159542

Final set of parameters            Asymptotic Standard Error
=======================            ==========================
a               = 0.465964         +/- 0.01406      (3.017%)
b               = -0.985848        +/- 0.08153      (8.27%)

correlation matrix of the fit parameters:
                a      b      
a               1.000 
b               0.837  1.000 


*******************************************************************************
Sun Oct 11 20:53:31 2020


FIT:    data read from 'erreur.dat' using (log($1)):(log($2))
        format = x:z
        #datapoints = 6
        residuals are weighted equally (unit weight)

function used for fitting: f(x)
	f(x) = a*x+b
fitted parameters initialized with current variable values

iter      chisq       delta/lim  lambda   a             b            
   0 1.2441852082e+01   0.00e+00  4.02e+00    1.000000e+00   1.000000e+00
   5 7.6240820131e-03  -8.99e-10  4.02e-05    4.876103e-01  -8.259066e-01

After 5 iterations the fit converged.
final sum of squares of residuals : 0.00762408
rel. change during last iteration : -8.98752e-15

degrees of freedom    (FIT_NDF)                        : 4
rms of residuals      (FIT_STDFIT) = sqrt(WSSR/ndf)    : 0.043658
variance of residuals (reduced chisquare) = WSSR/ndf   : 0.00190602

Final set of parameters            Asymptotic Standard Error
=======================            ==========================
a               = 0.48761          +/- 0.007527     (1.544%)
b               = -0.825907        +/- 0.04216      (5.104%)

correlation matrix of the fit parameters:
                a      b      
a               1.000 
b               0.906  1.000 


*******************************************************************************
Sun Oct 11 21:41:17 2020


FIT:    data read from 'erreur.dat' using (log($1)):(log($2))
        format = x:z
        #datapoints = 6
        residuals are weighted equally (unit weight)

function used for fitting: f(x)
	f(x) = a*x+b
fitted parameters initialized with current variable values

iter      chisq       delta/lim  lambda   a             b            
   0 1.2441852082e+01   0.00e+00  4.02e+00    1.000000e+00   1.000000e+00
   5 7.6240820131e-03  -8.99e-10  4.02e-05    4.876103e-01  -8.259066e-01

After 5 iterations the fit converged.
final sum of squares of residuals : 0.00762408
rel. change during last iteration : -8.98752e-15

degrees of freedom    (FIT_NDF)                        : 4
rms of residuals      (FIT_STDFIT) = sqrt(WSSR/ndf)    : 0.043658
variance of residuals (reduced chisquare) = WSSR/ndf   : 0.00190602

Final set of parameters            Asymptotic Standard Error
=======================            ==========================
a               = 0.48761          +/- 0.007527     (1.544%)
b               = -0.825907        +/- 0.04216      (5.104%)

correlation matrix of the fit parameters:
                a      b      
a               1.000 
b               0.906  1.000 


*******************************************************************************
Sun Oct 11 21:43:58 2020


FIT:    data read from 'erreur.dat' using (log($1)):(log($2))
        format = x:z
        #datapoints = 6
        residuals are weighted equally (unit weight)

function used for fitting: f(x)
	f(x) = a*x+b
fitted parameters initialized with current variable values

iter      chisq       delta/lim  lambda   a             b            
   0 1.2441852082e+01   0.00e+00  4.02e+00    1.000000e+00   1.000000e+00
   5 7.6240820131e-03  -8.99e-10  4.02e-05    4.876103e-01  -8.259066e-01

After 5 iterations the fit converged.
final sum of squares of residuals : 0.00762408
rel. change during last iteration : -8.98752e-15

degrees of freedom    (FIT_NDF)                        : 4
rms of residuals      (FIT_STDFIT) = sqrt(WSSR/ndf)    : 0.043658
variance of residuals (reduced chisquare) = WSSR/ndf   : 0.00190602

Final set of parameters            Asymptotic Standard Error
=======================            ==========================
a               = 0.48761          +/- 0.007527     (1.544%)
b               = -0.825907        +/- 0.04216      (5.104%)

correlation matrix of the fit parameters:
                a      b      
a               1.000 
b               0.906  1.000 


*******************************************************************************
Sun Oct 11 21:47:28 2020


FIT:    data read from 'erreur.dat' using (log($1)):(log($2))
        format = x:z
        #datapoints = 6
        residuals are weighted equally (unit weight)

function used for fitting: f(x)
	f(x) = a*x+b
fitted parameters initialized with current variable values

iter      chisq       delta/lim  lambda   a             b            
   0 1.2441852082e+01   0.00e+00  4.02e+00    1.000000e+00   1.000000e+00
   5 7.6240820131e-03  -8.99e-10  4.02e-05    4.876103e-01  -8.259066e-01

After 5 iterations the fit converged.
final sum of squares of residuals : 0.00762408
rel. change during last iteration : -8.98752e-15

degrees of freedom    (FIT_NDF)                        : 4
rms of residuals      (FIT_STDFIT) = sqrt(WSSR/ndf)    : 0.043658
variance of residuals (reduced chisquare) = WSSR/ndf   : 0.00190602

Final set of parameters            Asymptotic Standard Error
=======================            ==========================
a               = 0.48761          +/- 0.007527     (1.544%)
b               = -0.825907        +/- 0.04216      (5.104%)

correlation matrix of the fit parameters:
                a      b      
a               1.000 
b               0.906  1.000 


*******************************************************************************
Sun Oct 11 21:48:10 2020


FIT:    data read from 'erreur.dat' using (log($1)):(log($2))
        format = x:z
        #datapoints = 6
        residuals are weighted equally (unit weight)

function used for fitting: f(x)
	f(x) = a*x+b
fitted parameters initialized with current variable values

iter      chisq       delta/lim  lambda   a             b            
   0 1.2441852082e+01   0.00e+00  4.02e+00    1.000000e+00   1.000000e+00
   5 7.6240820131e-03  -8.99e-10  4.02e-05    4.876103e-01  -8.259066e-01

After 5 iterations the fit converged.
final sum of squares of residuals : 0.00762408
rel. change during last iteration : -8.98752e-15

degrees of freedom    (FIT_NDF)                        : 4
rms of residuals      (FIT_STDFIT) = sqrt(WSSR/ndf)    : 0.043658
variance of residuals (reduced chisquare) = WSSR/ndf   : 0.00190602

Final set of parameters            Asymptotic Standard Error
=======================            ==========================
a               = 0.48761          +/- 0.007527     (1.544%)
b               = -0.825907        +/- 0.04216      (5.104%)

correlation matrix of the fit parameters:
                a      b      
a               1.000 
b               0.906  1.000 


*******************************************************************************
Sun Oct 11 21:48:40 2020


FIT:    data read from 'erreur.dat' using (log($1)):(log($2))
        format = x:z
        #datapoints = 6
        residuals are weighted equally (unit weight)

function used for fitting: f(x)
	f(x) = a*x+b
fitted parameters initialized with current variable values

iter      chisq       delta/lim  lambda   a             b            
   0 1.2441852082e+01   0.00e+00  4.02e+00    1.000000e+00   1.000000e+00
   5 7.6240820131e-03  -8.99e-10  4.02e-05    4.876103e-01  -8.259066e-01

After 5 iterations the fit converged.
final sum of squares of residuals : 0.00762408
rel. change during last iteration : -8.98752e-15

degrees of freedom    (FIT_NDF)                        : 4
rms of residuals      (FIT_STDFIT) = sqrt(WSSR/ndf)    : 0.043658
variance of residuals (reduced chisquare) = WSSR/ndf   : 0.00190602

Final set of parameters            Asymptotic Standard Error
=======================            ==========================
a               = 0.48761          +/- 0.007527     (1.544%)
b               = -0.825907        +/- 0.04216      (5.104%)

correlation matrix of the fit parameters:
                a      b      
a               1.000 
b               0.906  1.000 


*******************************************************************************
Sun Oct 11 21:50:18 2020


FIT:    data read from 'erreur.dat' using (log($1)):(log($2))
        format = x:z
        #datapoints = 6
        residuals are weighted equally (unit weight)

function used for fitting: f(x)
	f(x) = a*x+b
fitted parameters initialized with current variable values

iter      chisq       delta/lim  lambda   a             b            
   0 1.2441852082e+01   0.00e+00  4.02e+00    1.000000e+00   1.000000e+00
   5 7.6240820131e-03  -8.99e-10  4.02e-05    4.876103e-01  -8.259066e-01

After 5 iterations the fit converged.
final sum of squares of residuals : 0.00762408
rel. change during last iteration : -8.98752e-15

degrees of freedom    (FIT_NDF)                        : 4
rms of residuals      (FIT_STDFIT) = sqrt(WSSR/ndf)    : 0.043658
variance of residuals (reduced chisquare) = WSSR/ndf   : 0.00190602

Final set of parameters            Asymptotic Standard Error
=======================            ==========================
a               = 0.48761          +/- 0.007527     (1.544%)
b               = -0.825907        +/- 0.04216      (5.104%)

correlation matrix of the fit parameters:
                a      b      
a               1.000 
b               0.906  1.000 


*******************************************************************************
Sun Oct 11 21:50:47 2020


FIT:    data read from 'erreur.dat' using (log($1)):(log($2))
        format = x:z
        #datapoints = 6
        residuals are weighted equally (unit weight)

function used for fitting: f(x)
	f(x) = a*x+b
fitted parameters initialized with current variable values

iter      chisq       delta/lim  lambda   a             b            
   0 1.2441852082e+01   0.00e+00  4.02e+00    1.000000e+00   1.000000e+00
   5 7.6240820131e-03  -8.99e-10  4.02e-05    4.876103e-01  -8.259066e-01

After 5 iterations the fit converged.
final sum of squares of residuals : 0.00762408
rel. change during last iteration : -8.98752e-15

degrees of freedom    (FIT_NDF)                        : 4
rms of residuals      (FIT_STDFIT) = sqrt(WSSR/ndf)    : 0.043658
variance of residuals (reduced chisquare) = WSSR/ndf   : 0.00190602

Final set of parameters            Asymptotic Standard Error
=======================            ==========================
a               = 0.48761          +/- 0.007527     (1.544%)
b               = -0.825907        +/- 0.04216      (5.104%)

correlation matrix of the fit parameters:
                a      b      
a               1.000 
b               0.906  1.000 


*******************************************************************************
Sun Oct 11 21:53:16 2020


FIT:    data read from 'erreur.dat' using (log($1)):(log($2))
        format = x:z
        #datapoints = 6
        residuals are weighted equally (unit weight)

function used for fitting: f(x)
	f(x) = a*x+b
fitted parameters initialized with current variable values

iter      chisq       delta/lim  lambda   a             b            
   0 1.2441852082e+01   0.00e+00  4.02e+00    1.000000e+00   1.000000e+00
   5 7.6240820131e-03  -8.99e-10  4.02e-05    4.876103e-01  -8.259066e-01

After 5 iterations the fit converged.
final sum of squares of residuals : 0.00762408
rel. change during last iteration : -8.98752e-15

degrees of freedom    (FIT_NDF)                        : 4
rms of residuals      (FIT_STDFIT) = sqrt(WSSR/ndf)    : 0.043658
variance of residuals (reduced chisquare) = WSSR/ndf   : 0.00190602

Final set of parameters            Asymptotic Standard Error
=======================            ==========================
a               = 0.48761          +/- 0.007527     (1.544%)
b               = -0.825907        +/- 0.04216      (5.104%)

correlation matrix of the fit parameters:
                a      b      
a               1.000 
b               0.906  1.000 


*******************************************************************************
Sun Oct 11 21:55:17 2020


FIT:    data read from 'erreur.dat' using (log($1)):(log($2))
        format = x:z
        #datapoints = 6
        residuals are weighted equally (unit weight)

function used for fitting: f(x)
	f(x) = a*x+b
fitted parameters initialized with current variable values

iter      chisq       delta/lim  lambda   a             b            
   0 1.2441852082e+01   0.00e+00  4.02e+00    1.000000e+00   1.000000e+00
   5 7.6240820131e-03  -8.99e-10  4.02e-05    4.876103e-01  -8.259066e-01

After 5 iterations the fit converged.
final sum of squares of residuals : 0.00762408
rel. change during last iteration : -8.98752e-15

degrees of freedom    (FIT_NDF)                        : 4
rms of residuals      (FIT_STDFIT) = sqrt(WSSR/ndf)    : 0.043658
variance of residuals (reduced chisquare) = WSSR/ndf   : 0.00190602

Final set of parameters            Asymptotic Standard Error
=======================            ==========================
a               = 0.48761          +/- 0.007527     (1.544%)
b               = -0.825907        +/- 0.04216      (5.104%)

correlation matrix of the fit parameters:
                a      b      
a               1.000 
b               0.906  1.000 


*******************************************************************************
Sun Oct 11 21:56:41 2020


FIT:    data read from 'erreur.dat' using (log($1)):(log($2))
        format = x:z
        #datapoints = 6
        residuals are weighted equally (unit weight)

function used for fitting: f(x)
	f(x) = a*x+b
fitted parameters initialized with current variable values

iter      chisq       delta/lim  lambda   a             b            
   0 1.2441852082e+01   0.00e+00  4.02e+00    1.000000e+00   1.000000e+00
   5 7.6240820131e-03  -8.99e-10  4.02e-05    4.876103e-01  -8.259066e-01

After 5 iterations the fit converged.
final sum of squares of residuals : 0.00762408
rel. change during last iteration : -8.98752e-15

degrees of freedom    (FIT_NDF)                        : 4
rms of residuals      (FIT_STDFIT) = sqrt(WSSR/ndf)    : 0.043658
variance of residuals (reduced chisquare) = WSSR/ndf   : 0.00190602

Final set of parameters            Asymptotic Standard Error
=======================            ==========================
a               = 0.48761          +/- 0.007527     (1.544%)
b               = -0.825907        +/- 0.04216      (5.104%)

correlation matrix of the fit parameters:
                a      b      
a               1.000 
b               0.906  1.000 


*******************************************************************************
Sun Oct 11 22:03:12 2020


FIT:    data read from 'erreur.dat' using (log($1)):(log($2))
        format = x:z
        #datapoints = 6
        residuals are weighted equally (unit weight)

function used for fitting: f(x)
	f(x) = a*x+b
fitted parameters initialized with current variable values

iter      chisq       delta/lim  lambda   a             b            
   0 1.2441852082e+01   0.00e+00  4.02e+00    1.000000e+00   1.000000e+00
   5 7.6240820131e-03  -8.99e-10  4.02e-05    4.876103e-01  -8.259066e-01

After 5 iterations the fit converged.
final sum of squares of residuals : 0.00762408
rel. change during last iteration : -8.98752e-15

degrees of freedom    (FIT_NDF)                        : 4
rms of residuals      (FIT_STDFIT) = sqrt(WSSR/ndf)    : 0.043658
variance of residuals (reduced chisquare) = WSSR/ndf   : 0.00190602

Final set of parameters            Asymptotic Standard Error
=======================            ==========================
a               = 0.48761          +/- 0.007527     (1.544%)
b               = -0.825907        +/- 0.04216      (5.104%)

correlation matrix of the fit parameters:
                a      b      
a               1.000 
b               0.906  1.000 


*******************************************************************************
Sun Oct 11 22:12:21 2020


FIT:    data read from 'erreur.dat' using (log($1)):(log($2))
        format = x:z
        #datapoints = 6
        residuals are weighted equally (unit weight)

function used for fitting: f(x)
	f(x) = a*x+b
fitted parameters initialized with current variable values

iter      chisq       delta/lim  lambda   a             b            
   0 1.2441852082e+01   0.00e+00  4.02e+00    1.000000e+00   1.000000e+00
   5 7.6240820131e-03  -8.99e-10  4.02e-05    4.876103e-01  -8.259066e-01

After 5 iterations the fit converged.
final sum of squares of residuals : 0.00762408
rel. change during last iteration : -8.98752e-15

degrees of freedom    (FIT_NDF)                        : 4
rms of residuals      (FIT_STDFIT) = sqrt(WSSR/ndf)    : 0.043658
variance of residuals (reduced chisquare) = WSSR/ndf   : 0.00190602

Final set of parameters            Asymptotic Standard Error
=======================            ==========================
a               = 0.48761          +/- 0.007527     (1.544%)
b               = -0.825907        +/- 0.04216      (5.104%)

correlation matrix of the fit parameters:
                a      b      
a               1.000 
b               0.906  1.000 


*******************************************************************************
Sun Oct 11 22:15:57 2020


FIT:    data read from 'erreur.dat' using (log($1)):(log($2))
        format = x:z
        #datapoints = 6
        residuals are weighted equally (unit weight)

function used for fitting: f(x)
	f(x) = a*x+b
fitted parameters initialized with current variable values

iter      chisq       delta/lim  lambda   a             b            
   0 1.2441852082e+01   0.00e+00  4.02e+00    1.000000e+00   1.000000e+00
   5 7.6240820131e-03  -8.99e-10  4.02e-05    4.876103e-01  -8.259066e-01

After 5 iterations the fit converged.
final sum of squares of residuals : 0.00762408
rel. change during last iteration : -8.98752e-15

degrees of freedom    (FIT_NDF)                        : 4
rms of residuals      (FIT_STDFIT) = sqrt(WSSR/ndf)    : 0.043658
variance of residuals (reduced chisquare) = WSSR/ndf   : 0.00190602

Final set of parameters            Asymptotic Standard Error
=======================            ==========================
a               = 0.48761          +/- 0.007527     (1.544%)
b               = -0.825907        +/- 0.04216      (5.104%)

correlation matrix of the fit parameters:
                a      b      
a               1.000 
b               0.906  1.000 


*******************************************************************************
Sun Oct 11 22:16:24 2020


FIT:    data read from 'erreur.dat' using (log($1)):(log($2))
        format = x:z
        #datapoints = 6
        residuals are weighted equally (unit weight)

function used for fitting: f(x)
	f(x) = a*x+b
fitted parameters initialized with current variable values

iter      chisq       delta/lim  lambda   a             b            
   0 1.2441852082e+01   0.00e+00  4.02e+00    1.000000e+00   1.000000e+00
   5 7.6240820131e-03  -8.99e-10  4.02e-05    4.876103e-01  -8.259066e-01

After 5 iterations the fit converged.
final sum of squares of residuals : 0.00762408
rel. change during last iteration : -8.98752e-15

degrees of freedom    (FIT_NDF)                        : 4
rms of residuals      (FIT_STDFIT) = sqrt(WSSR/ndf)    : 0.043658
variance of residuals (reduced chisquare) = WSSR/ndf   : 0.00190602

Final set of parameters            Asymptotic Standard Error
=======================            ==========================
a               = 0.48761          +/- 0.007527     (1.544%)
b               = -0.825907        +/- 0.04216      (5.104%)

correlation matrix of the fit parameters:
                a      b      
a               1.000 
b               0.906  1.000 


*******************************************************************************
Sun Oct 11 22:17:54 2020


FIT:    data read from 'erreur.dat' using (log($1)):(log($2))
        format = x:z
        #datapoints = 6
        residuals are weighted equally (unit weight)

function used for fitting: f(x)
	f(x) = a*x+b
fitted parameters initialized with current variable values

iter      chisq       delta/lim  lambda   a             b            
   0 1.2441852082e+01   0.00e+00  4.02e+00    1.000000e+00   1.000000e+00
   5 7.6240820131e-03  -8.99e-10  4.02e-05    4.876103e-01  -8.259066e-01

After 5 iterations the fit converged.
final sum of squares of residuals : 0.00762408
rel. change during last iteration : -8.98752e-15

degrees of freedom    (FIT_NDF)                        : 4
rms of residuals      (FIT_STDFIT) = sqrt(WSSR/ndf)    : 0.043658
variance of residuals (reduced chisquare) = WSSR/ndf   : 0.00190602

Final set of parameters            Asymptotic Standard Error
=======================            ==========================
a               = 0.48761          +/- 0.007527     (1.544%)
b               = -0.825907        +/- 0.04216      (5.104%)

correlation matrix of the fit parameters:
                a      b      
a               1.000 
b               0.906  1.000 


*******************************************************************************
Sun Oct 11 22:18:45 2020


FIT:    data read from 'erreur.dat' using (log($1)):(log($2))
        format = x:z
        #datapoints = 6
        residuals are weighted equally (unit weight)

function used for fitting: f(x)
	f(x) = a*x+b
fitted parameters initialized with current variable values

iter      chisq       delta/lim  lambda   a             b            
   0 1.2441852082e+01   0.00e+00  4.02e+00    1.000000e+00   1.000000e+00
   5 7.6240820131e-03  -8.99e-10  4.02e-05    4.876103e-01  -8.259066e-01

After 5 iterations the fit converged.
final sum of squares of residuals : 0.00762408
rel. change during last iteration : -8.98752e-15

degrees of freedom    (FIT_NDF)                        : 4
rms of residuals      (FIT_STDFIT) = sqrt(WSSR/ndf)    : 0.043658
variance of residuals (reduced chisquare) = WSSR/ndf   : 0.00190602

Final set of parameters            Asymptotic Standard Error
=======================            ==========================
a               = 0.48761          +/- 0.007527     (1.544%)
b               = -0.825907        +/- 0.04216      (5.104%)

correlation matrix of the fit parameters:
                a      b      
a               1.000 
b               0.906  1.000 


*******************************************************************************
Sun Oct 11 22:19:16 2020


FIT:    data read from 'erreur.dat' using (log($1)):(log($2))
        format = x:z
        #datapoints = 6
        residuals are weighted equally (unit weight)

function used for fitting: f(x)
	f(x) = a*x+b
fitted parameters initialized with current variable values

iter      chisq       delta/lim  lambda   a             b            
   0 1.2441852082e+01   0.00e+00  4.02e+00    1.000000e+00   1.000000e+00
   5 7.6240820131e-03  -8.99e-10  4.02e-05    4.876103e-01  -8.259066e-01

After 5 iterations the fit converged.
final sum of squares of residuals : 0.00762408
rel. change during last iteration : -8.98752e-15

degrees of freedom    (FIT_NDF)                        : 4
rms of residuals      (FIT_STDFIT) = sqrt(WSSR/ndf)    : 0.043658
variance of residuals (reduced chisquare) = WSSR/ndf   : 0.00190602

Final set of parameters            Asymptotic Standard Error
=======================            ==========================
a               = 0.48761          +/- 0.007527     (1.544%)
b               = -0.825907        +/- 0.04216      (5.104%)

correlation matrix of the fit parameters:
                a      b      
a               1.000 
b               0.906  1.000 


*******************************************************************************
Sun Oct 11 22:19:28 2020


FIT:    data read from 'erreur.dat' using (log($1)):(log($2))
        format = x:z
        #datapoints = 6
        residuals are weighted equally (unit weight)

function used for fitting: f(x)
	f(x) = a*x+b
fitted parameters initialized with current variable values

iter      chisq       delta/lim  lambda   a             b            
   0 1.2441852082e+01   0.00e+00  4.02e+00    1.000000e+00   1.000000e+00
   5 7.6240820131e-03  -8.99e-10  4.02e-05    4.876103e-01  -8.259066e-01

After 5 iterations the fit converged.
final sum of squares of residuals : 0.00762408
rel. change during last iteration : -8.98752e-15

degrees of freedom    (FIT_NDF)                        : 4
rms of residuals      (FIT_STDFIT) = sqrt(WSSR/ndf)    : 0.043658
variance of residuals (reduced chisquare) = WSSR/ndf   : 0.00190602

Final set of parameters            Asymptotic Standard Error
=======================            ==========================
a               = 0.48761          +/- 0.007527     (1.544%)
b               = -0.825907        +/- 0.04216      (5.104%)

correlation matrix of the fit parameters:
                a      b      
a               1.000 
b               0.906  1.000 


*******************************************************************************
Sun Oct 11 22:19:50 2020


FIT:    data read from 'erreur.dat' using (log($1)):(log($2))
        format = x:z
        #datapoints = 6
        residuals are weighted equally (unit weight)

function used for fitting: f(x)
	f(x) = a*x+b
fitted parameters initialized with current variable values

iter      chisq       delta/lim  lambda   a             b            
   0 1.2441852082e+01   0.00e+00  4.02e+00    1.000000e+00   1.000000e+00
   5 7.6240820131e-03  -8.99e-10  4.02e-05    4.876103e-01  -8.259066e-01

After 5 iterations the fit converged.
final sum of squares of residuals : 0.00762408
rel. change during last iteration : -8.98752e-15

degrees of freedom    (FIT_NDF)                        : 4
rms of residuals      (FIT_STDFIT) = sqrt(WSSR/ndf)    : 0.043658
variance of residuals (reduced chisquare) = WSSR/ndf   : 0.00190602

Final set of parameters            Asymptotic Standard Error
=======================            ==========================
a               = 0.48761          +/- 0.007527     (1.544%)
b               = -0.825907        +/- 0.04216      (5.104%)

correlation matrix of the fit parameters:
                a      b      
a               1.000 
b               0.906  1.000 


*******************************************************************************
Sun Oct 11 22:20:12 2020


FIT:    data read from 'erreur.dat' using (log($1)):(log($2))
        format = x:z
        #datapoints = 6
        residuals are weighted equally (unit weight)

function used for fitting: f(x)
	f(x) = a*x+b
fitted parameters initialized with current variable values

iter      chisq       delta/lim  lambda   a             b            
   0 1.2441852082e+01   0.00e+00  4.02e+00    1.000000e+00   1.000000e+00
   5 7.6240820131e-03  -8.99e-10  4.02e-05    4.876103e-01  -8.259066e-01

After 5 iterations the fit converged.
final sum of squares of residuals : 0.00762408
rel. change during last iteration : -8.98752e-15

degrees of freedom    (FIT_NDF)                        : 4
rms of residuals      (FIT_STDFIT) = sqrt(WSSR/ndf)    : 0.043658
variance of residuals (reduced chisquare) = WSSR/ndf   : 0.00190602

Final set of parameters            Asymptotic Standard Error
=======================            ==========================
a               = 0.48761          +/- 0.007527     (1.544%)
b               = -0.825907        +/- 0.04216      (5.104%)

correlation matrix of the fit parameters:
                a      b      
a               1.000 
b               0.906  1.000 


*******************************************************************************
Sun Oct 11 22:22:16 2020


FIT:    data read from 'erreur.dat' using (log($1)):(log($2))
        format = x:z
        #datapoints = 6
        residuals are weighted equally (unit weight)

function used for fitting: f(x)
	f(x) = a*x+b
fitted parameters initialized with current variable values

iter      chisq       delta/lim  lambda   a             b            
   0 1.2441852082e+01   0.00e+00  4.02e+00    1.000000e+00   1.000000e+00
   5 7.6240820131e-03  -8.99e-10  4.02e-05    4.876103e-01  -8.259066e-01

After 5 iterations the fit converged.
final sum of squares of residuals : 0.00762408
rel. change during last iteration : -8.98752e-15

degrees of freedom    (FIT_NDF)                        : 4
rms of residuals      (FIT_STDFIT) = sqrt(WSSR/ndf)    : 0.043658
variance of residuals (reduced chisquare) = WSSR/ndf   : 0.00190602

Final set of parameters            Asymptotic Standard Error
=======================            ==========================
a               = 0.48761          +/- 0.007527     (1.544%)
b               = -0.825907        +/- 0.04216      (5.104%)

correlation matrix of the fit parameters:
                a      b      
a               1.000 
b               0.906  1.000 


*******************************************************************************
Sun Oct 11 22:22:28 2020


FIT:    data read from 'erreur.dat' using (log($1)):(log($2))
        format = x:z
        #datapoints = 6
        residuals are weighted equally (unit weight)

function used for fitting: f(x)
	f(x) = a*x+b
fitted parameters initialized with current variable values

iter      chisq       delta/lim  lambda   a             b            
   0 1.2441852082e+01   0.00e+00  4.02e+00    1.000000e+00   1.000000e+00
   5 7.6240820131e-03  -8.99e-10  4.02e-05    4.876103e-01  -8.259066e-01

After 5 iterations the fit converged.
final sum of squares of residuals : 0.00762408
rel. change during last iteration : -8.98752e-15

degrees of freedom    (FIT_NDF)                        : 4
rms of residuals      (FIT_STDFIT) = sqrt(WSSR/ndf)    : 0.043658
variance of residuals (reduced chisquare) = WSSR/ndf   : 0.00190602

Final set of parameters            Asymptotic Standard Error
=======================            ==========================
a               = 0.48761          +/- 0.007527     (1.544%)
b               = -0.825907        +/- 0.04216      (5.104%)

correlation matrix of the fit parameters:
                a      b      
a               1.000 
b               0.906  1.000 


*******************************************************************************
Sun Oct 11 22:22:55 2020


FIT:    data read from 'erreur.dat' using (log($1)):(log($2))
        format = x:z
        #datapoints = 6
        residuals are weighted equally (unit weight)

function used for fitting: f(x)
	f(x) = a*x+b
fitted parameters initialized with current variable values

iter      chisq       delta/lim  lambda   a             b            
   0 1.2441852082e+01   0.00e+00  4.02e+00    1.000000e+00   1.000000e+00
   5 7.6240820131e-03  -8.99e-10  4.02e-05    4.876103e-01  -8.259066e-01

After 5 iterations the fit converged.
final sum of squares of residuals : 0.00762408
rel. change during last iteration : -8.98752e-15

degrees of freedom    (FIT_NDF)                        : 4
rms of residuals      (FIT_STDFIT) = sqrt(WSSR/ndf)    : 0.043658
variance of residuals (reduced chisquare) = WSSR/ndf   : 0.00190602

Final set of parameters            Asymptotic Standard Error
=======================            ==========================
a               = 0.48761          +/- 0.007527     (1.544%)
b               = -0.825907        +/- 0.04216      (5.104%)

correlation matrix of the fit parameters:
                a      b      
a               1.000 
b               0.906  1.000 


*******************************************************************************
Sun Oct 11 22:23:18 2020


FIT:    data read from 'erreur.dat' using (log($1)):(log($2))
        format = x:z
        #datapoints = 6
        residuals are weighted equally (unit weight)

function used for fitting: f(x)
	f(x) = a*x+b
fitted parameters initialized with current variable values

iter      chisq       delta/lim  lambda   a             b            
   0 1.2441852082e+01   0.00e+00  4.02e+00    1.000000e+00   1.000000e+00
   5 7.6240820131e-03  -8.99e-10  4.02e-05    4.876103e-01  -8.259066e-01

After 5 iterations the fit converged.
final sum of squares of residuals : 0.00762408
rel. change during last iteration : -8.98752e-15

degrees of freedom    (FIT_NDF)                        : 4
rms of residuals      (FIT_STDFIT) = sqrt(WSSR/ndf)    : 0.043658
variance of residuals (reduced chisquare) = WSSR/ndf   : 0.00190602

Final set of parameters            Asymptotic Standard Error
=======================            ==========================
a               = 0.48761          +/- 0.007527     (1.544%)
b               = -0.825907        +/- 0.04216      (5.104%)

correlation matrix of the fit parameters:
                a      b      
a               1.000 
b               0.906  1.000 


*******************************************************************************
Sun Oct 11 22:25:54 2020


FIT:    data read from 'erreur.dat' using (log($1)):(log($2))
        format = x:z
        #datapoints = 6
        residuals are weighted equally (unit weight)

function used for fitting: f(x)
	f(x) = a*x+b
fitted parameters initialized with current variable values

iter      chisq       delta/lim  lambda   a             b            
   0 1.2441852082e+01   0.00e+00  4.02e+00    1.000000e+00   1.000000e+00
   5 7.6240820131e-03  -8.99e-10  4.02e-05    4.876103e-01  -8.259066e-01

After 5 iterations the fit converged.
final sum of squares of residuals : 0.00762408
rel. change during last iteration : -8.98752e-15

degrees of freedom    (FIT_NDF)                        : 4
rms of residuals      (FIT_STDFIT) = sqrt(WSSR/ndf)    : 0.043658
variance of residuals (reduced chisquare) = WSSR/ndf   : 0.00190602

Final set of parameters            Asymptotic Standard Error
=======================            ==========================
a               = 0.48761          +/- 0.007527     (1.544%)
b               = -0.825907        +/- 0.04216      (5.104%)

correlation matrix of the fit parameters:
                a      b      
a               1.000 
b               0.906  1.000 


*******************************************************************************
Sun Oct 11 22:30:23 2020


FIT:    data read from 'erreur.dat' using (log($1)):(log($2))
        format = x:z
        #datapoints = 6
        residuals are weighted equally (unit weight)

function used for fitting: f(x)
	f(x) = a*x+b
fitted parameters initialized with current variable values

iter      chisq       delta/lim  lambda   a             b            
   0 1.2441852082e+01   0.00e+00  4.02e+00    1.000000e+00   1.000000e+00
   5 7.6240820131e-03  -8.99e-10  4.02e-05    4.876103e-01  -8.259066e-01

After 5 iterations the fit converged.
final sum of squares of residuals : 0.00762408
rel. change during last iteration : -8.98752e-15

degrees of freedom    (FIT_NDF)                        : 4
rms of residuals      (FIT_STDFIT) = sqrt(WSSR/ndf)    : 0.043658
variance of residuals (reduced chisquare) = WSSR/ndf   : 0.00190602

Final set of parameters            Asymptotic Standard Error
=======================            ==========================
a               = 0.48761          +/- 0.007527     (1.544%)
b               = -0.825907        +/- 0.04216      (5.104%)

correlation matrix of the fit parameters:
                a      b      
a               1.000 
b               0.906  1.000 


*******************************************************************************
Sun Oct 11 23:57:32 2020


FIT:    data read from 'erreur.dat' using (log($1)):(log($2))
        format = x:z
        #datapoints = 6
        residuals are weighted equally (unit weight)

function used for fitting: f(x)
	f(x) = a*x+b
fitted parameters initialized with current variable values

iter      chisq       delta/lim  lambda   a             b            
   0 1.6188535433e+01   0.00e+00  4.46e+00    1.000000e+00   1.000000e+00
   5 1.8365992272e-03  -1.60e-08  4.46e-05    4.931970e-01  -8.008118e-01

After 5 iterations the fit converged.
final sum of squares of residuals : 0.0018366
rel. change during last iteration : -1.60452e-13

degrees of freedom    (FIT_NDF)                        : 4
rms of residuals      (FIT_STDFIT) = sqrt(WSSR/ndf)    : 0.0214278
variance of residuals (reduced chisquare) = WSSR/ndf   : 0.00045915

Final set of parameters            Asymptotic Standard Error
=======================            ==========================
a               = 0.493197         +/- 0.003696     (0.7495%)
b               = -0.800812        +/- 0.02304      (2.878%)

correlation matrix of the fit parameters:
                a      b      
a               1.000 
b               0.925  1.000 
