

*******************************************************************************
Mon Nov 16 02:37:48 2020


FIT:    data read from 'erreur.dat' using (log($1)):(log($2))
        format = x:z
        #datapoints = 7
        residuals are weighted equally (unit weight)

function used for fitting: f(x)
	f(x) = a*x+b
fitted parameters initialized with current variable values

iter      chisq       delta/lim  lambda   a             b            
   0 1.4786315991e+01   0.00e+00  2.44e+00    1.000000e+00   1.000000e+00
   4 1.0258943715e-02  -1.48e-03  2.44e-04    7.404525e-01   1.630088e+00

After 4 iterations the fit converged.
final sum of squares of residuals : 0.0102589
rel. change during last iteration : -1.48178e-08

degrees of freedom    (FIT_NDF)                        : 5
rms of residuals      (FIT_STDFIT) = sqrt(WSSR/ndf)    : 0.0452967
variance of residuals (reduced chisquare) = WSSR/ndf   : 0.00205179

Final set of parameters            Asymptotic Standard Error
=======================            ==========================
a               = 0.740453         +/- 0.01235      (1.668%)
b               = 1.63009          +/- 0.04077      (2.501%)

correlation matrix of the fit parameters:
                a      b      
a               1.000 
b               0.908  1.000 
